<?xml version="1.0" encoding="UTF-8"?>
<testng-results ignored="0" total="1" passed="1" failed="0" skipped="0">
  <reporter-output>
  </reporter-output>
  <suite started-at="2022-09-08T10:12:35 IST" name="Suite" finished-at="2022-09-08T10:13:06 IST" duration-ms="31061">
    <groups>
    </groups>
    <test started-at="2022-09-08T10:12:35 IST" name="Test" finished-at="2022-09-08T10:13:06 IST" duration-ms="31061">
      <class name="StepDef.StepDefinition">
        <test-method signature="TC02()[pri:0, instance:StepDef.StepDefinition@2b91004a]" started-at="2022-09-08T10:12:35 IST" name="TC02" finished-at="2022-09-08T10:13:06 IST" duration-ms="31008" status="PASS">
          <reporter-output>
          </reporter-output>
        </test-method> <!-- TC02 -->
      </class> <!-- StepDef.StepDefinition -->
    </test> <!-- Test -->
  </suite> <!-- Suite -->
</testng-results>
